<?xml version="1.0" encoding="UTF-8"?>
<!-- Generated by org.testng.reporters.JUnitReportReporter -->
<testsuite hostname="DESKTOP-E8OTS9J" failures="0" tests="1" name="tests.LoginTests" time="14.917" errors="0" timestamp="2021-11-13T12:01:35 IST" skipped="0">
  <testcase classname="tests.LoginTests" name="login" time="14.917"/>
  <system-out/>
</testsuite> <!-- tests.LoginTests -->
