<?xml version="1.0" encoding="UTF-8"?>
<!-- Generated by org.testng.reporters.JUnitReportReporter -->
<testsuite hostname="DESKTOP-E8OTS9J" failures="0" tests="1" name="tests.LoginTests" time="19.938" errors="0" timestamp="2021-10-30T13:39:00 IST" skipped="0">
  <testcase classname="tests.LoginTests" name="login" time="19.938"/>
  <system-out/>
</testsuite> <!-- tests.LoginTests -->
