<?xml version="1.0" encoding="UTF-8"?>
<!-- Generated by org.testng.reporters.JUnitReportReporter -->
<testsuite hostname="DESKTOP-E8OTS9J" failures="0" tests="1" name="runner.Runner" time="24.600" errors="0" timestamp="2021-11-21T20:45:18 IST" skipped="0">
  <testcase classname="runner.Runner" name="runScenario" time="24.600"/>
  <system-out/>
</testsuite> <!-- runner.Runner -->
